SF:lib/services/city_ticket_stats_service.dart
DA:4,1
DA:19,1
DA:25,2
DA:26,1
DA:28,1
DA:29,1
DA:30,2
DA:31,3
DA:35,1
DA:37,2
DA:38,1
DA:39,2
DA:43,1
DA:44,5
DA:45,2
DA:48,1
DA:51,1
DA:53,1
DA:55,1
LF:19
LH:19
end_of_record
SF:lib/models/ad_preferences.dart
DA:2,2
DA:14,1
DA:20,1
DA:21,0
DA:22,1
DA:23,1
DA:24,1
DA:28,2
DA:29,2
DA:30,2
DA:31,2
DA:32,2
DA:33,2
DA:37,2
DA:38,2
DA:39,2
DA:40,2
DA:41,2
DA:42,2
LF:19
LH:18
end_of_record
SF:lib/models/city_rule_pack.dart
DA:2,2
LF:1
LH:1
end_of_record
SF:lib/models/maintenance_report.dart
DA:13,2
DA:37,4
DA:38,2
DA:39,4
DA:40,2
DA:41,2
DA:42,2
DA:43,2
DA:44,2
DA:45,2
DA:46,2
DA:47,4
DA:50,2
DA:51,2
DA:52,2
DA:53,2
DA:54,2
DA:55,6
DA:56,0
DA:58,2
DA:59,2
DA:60,3
DA:61,3
DA:62,2
DA:63,2
DA:64,2
DA:65,4
DA:66,0
LF:28
LH:26
end_of_record
SF:lib/models/payment_receipt.dart
DA:2,2
DA:22,2
DA:23,2
DA:24,2
DA:25,2
DA:26,2
DA:27,2
DA:28,4
DA:29,2
DA:30,2
DA:31,2
DA:35,2
DA:36,2
DA:37,2
DA:38,4
DA:39,2
DA:40,2
DA:41,4
DA:42,0
DA:43,4
DA:44,2
DA:45,2
LF:22
LH:21
end_of_record
SF:lib/models/permit.dart
DA:14,1
DA:38,0
DA:49,0
DA:50,0
DA:51,0
DA:52,0
DA:53,0
DA:54,0
DA:55,0
DA:56,0
DA:57,0
DA:58,0
DA:59,0
DA:63,1
DA:64,1
DA:65,2
DA:66,2
DA:67,4
DA:70,1
DA:71,1
DA:72,1
DA:73,1
DA:74,4
DA:75,0
DA:77,1
DA:78,4
DA:79,0
DA:81,1
DA:82,2
DA:83,2
DA:84,1
DA:85,2
DA:86,1
DA:87,1
DA:88,1
DA:89,1
DA:93,2
DA:94,1
DA:95,2
DA:96,2
DA:97,1
DA:98,2
DA:99,2
DA:100,1
DA:101,1
DA:102,1
DA:103,1
LF:47
LH:33
end_of_record
SF:lib/models/reservation.dart
DA:4,1
DA:30,4
DA:32,1
DA:33,3
DA:34,4
DA:37,1
DA:47,1
DA:48,1
DA:49,1
DA:50,1
DA:51,0
DA:52,1
DA:53,1
DA:54,1
DA:55,1
DA:56,1
DA:57,1
DA:58,1
DA:62,1
DA:63,1
DA:64,1
DA:65,1
DA:66,1
DA:67,1
DA:68,4
DA:69,0
DA:71,2
DA:72,2
DA:73,2
DA:74,1
DA:75,1
DA:76,1
DA:77,2
DA:81,2
DA:82,1
DA:83,1
DA:84,1
DA:85,2
DA:86,2
DA:87,2
DA:88,1
DA:89,1
DA:90,1
DA:91,1
DA:92,1
LF:45
LH:43
end_of_record
SF:lib/models/sighting_report.dart
DA:4,2
DA:24,2
DA:25,2
DA:26,2
DA:27,4
DA:28,2
DA:29,2
DA:30,2
DA:31,2
DA:32,4
DA:33,2
DA:37,2
DA:38,2
DA:39,2
DA:40,2
DA:41,2
DA:42,6
DA:43,0
DA:45,2
DA:46,3
DA:47,3
DA:48,2
DA:49,4
DA:50,0
DA:51,2
LF:25
LH:23
end_of_record
SF:lib/models/street_sweeping.dart
DA:2,1
DA:28,1
DA:38,1
DA:39,1
DA:40,1
DA:41,1
DA:42,1
DA:43,1
DA:44,1
DA:45,0
DA:46,0
DA:47,1
DA:48,1
DA:49,1
DA:53,1
DA:54,1
DA:55,1
DA:56,1
DA:57,1
DA:58,2
DA:59,1
DA:60,1
DA:61,1
DA:62,1
DA:63,1
DA:64,2
DA:65,1
DA:66,1
DA:67,1
DA:71,2
DA:72,1
DA:73,1
DA:74,1
DA:75,2
DA:76,1
DA:77,1
DA:78,1
DA:79,1
DA:80,1
DA:81,1
DA:82,1
LF:41
LH:39
end_of_record
SF:lib/models/subscription_plan.dart
DA:4,1
DA:20,1
DA:21,1
DA:22,1
DA:24,1
DA:26,1
LF:6
LH:6
end_of_record
SF:lib/models/ticket.dart
DA:4,3
DA:30,6
DA:32,1
DA:38,1
DA:39,1
DA:40,1
DA:41,1
DA:42,1
DA:43,1
DA:44,1
DA:45,1
DA:46,0
DA:47,0
DA:48,1
DA:49,0
DA:53,2
DA:54,2
DA:55,2
DA:56,2
DA:57,2
DA:58,2
DA:59,2
DA:60,4
DA:61,4
DA:62,4
DA:63,2
DA:64,2
DA:65,2
DA:69,2
DA:70,2
DA:71,2
DA:72,2
DA:73,2
DA:74,4
DA:75,2
DA:76,2
DA:77,4
DA:78,0
DA:79,4
DA:80,0
DA:81,2
DA:82,6
DA:83,0
DA:85,4
DA:86,2
DA:87,2
LF:46
LH:40
end_of_record
SF:lib/models/user_preferences.dart
DA:2,2
DA:18,1
DA:26,1
DA:34,1
DA:35,0
DA:36,1
DA:38,1
DA:39,1
DA:40,0
DA:41,0
DA:45,2
DA:46,2
DA:47,2
DA:48,2
DA:49,2
DA:50,2
DA:51,2
DA:52,2
DA:56,4
DA:57,2
DA:58,2
DA:59,2
DA:60,2
DA:61,2
DA:62,2
LF:25
LH:22
end_of_record
SF:lib/models/vehicle.dart
DA:2,1
DA:18,0
DA:25,0
DA:26,0
DA:27,0
DA:28,0
DA:29,0
DA:30,0
DA:31,0
DA:35,1
DA:36,1
DA:37,1
DA:38,1
DA:39,1
DA:40,1
DA:41,1
DA:42,1
DA:46,2
DA:47,1
DA:48,1
DA:49,1
DA:50,1
DA:51,1
DA:52,1
LF:24
LH:16
end_of_record
SF:lib/models/garbage_schedule.dart
DA:2,2
DA:14,4
LF:2
LH:2
end_of_record
SF:lib/services/ticket_risk_prediction_service.dart
DA:12,1
DA:19,1
DA:33,1
DA:42,2
DA:43,2
DA:44,2
DA:45,2
DA:46,2
DA:47,2
DA:48,2
DA:50,1
DA:51,1
DA:52,1
DA:53,1
DA:54,1
DA:55,1
DA:57,1
DA:60,1
DA:61,1
DA:63,1
DA:65,1
DA:71,1
DA:73,2
DA:74,1
DA:75,2
DA:76,2
DA:80,1
DA:82,2
DA:88,1
DA:89,5
DA:90,2
LF:31
LH:31
end_of_record
SF:lib/services/weather_service.dart
DA:6,1
DA:18,1
DA:34,1
DA:38,1
DA:43,1
DA:44,3
DA:45,1
DA:46,2
DA:47,1
DA:48,2
DA:49,2
DA:51,3
DA:55,1
DA:56,3
DA:57,1
DA:58,2
DA:59,2
DA:60,2
DA:61,1
DA:62,1
DA:63,2
DA:64,2
DA:65,1
DA:66,1
DA:68,1
DA:71,1
DA:78,1
DA:82,1
DA:83,3
DA:84,1
DA:85,2
DA:86,1
DA:87,2
DA:88,2
DA:89,1
DA:90,5
DA:93,1
DA:94,1
DA:95,2
DA:96,1
DA:97,1
DA:98,1
DA:99,1
DA:101,1
DA:102,2
DA:103,2
DA:107,1
DA:108,2
DA:112,1
LF:49
LH:49
end_of_record
SF:lib/services/open_charge_map_service.dart
DA:13,1
DA:17,1
DA:23,2
DA:34,3
DA:39,2
DA:40,3
DA:43,2
DA:44,5
DA:47,1
DA:48,1
DA:49,1
DA:50,1
DA:51,2
DA:52,1
DA:54,1
DA:56,5
DA:57,1
DA:58,1
DA:61,4
DA:62,3
DA:64,2
DA:67,1
DA:68,2
DA:69,1
DA:70,1
DA:71,2
DA:72,2
DA:73,2
DA:74,2
DA:76,1
DA:77,1
DA:78,1
DA:84,1
DA:85,1
DA:86,1
DA:87,1
DA:88,1
DA:89,1
DA:90,1
DA:93,1
DA:95,1
DA:96,1
DA:97,1
DA:98,1
DA:99,6
DA:100,2
DA:103,1
DA:105,2
DA:107,3
LF:49
LH:49
end_of_record
SF:lib/models/ev_station.dart
DA:2,1
DA:32,3
DA:33,3
LF:3
LH:3
end_of_record
SF:lib/services/parking_prediction_service.dart
DA:14,1
DA:21,2
DA:22,2
DA:23,3
DA:24,1
DA:25,3
DA:28,2
DA:29,2
DA:30,2
DA:31,1
DA:32,1
DA:36,1
DA:44,6
DA:45,2
DA:46,3
DA:47,3
DA:48,1
DA:49,1
DA:50,1
DA:57,1
DA:61,1
DA:63,2
DA:64,1
DA:65,1
DA:66,2
DA:70,1
DA:72,2
DA:78,1
DA:80,5
DA:81,2
DA:86,1
LF:31
LH:31
end_of_record
SF:lib/services/bootstrap_diagnostics.dart
DA:5,1
DA:6,2
DA:13,3
DA:14,3
DA:15,0
DA:17,1
DA:18,3
DA:21,1
DA:27,1
DA:33,2
DA:34,1
DA:37,1
DA:43,2
DA:44,1
DA:46,1
DA:47,1
DA:49,2
DA:50,1
DA:51,0
DA:52,2
DA:53,1
DA:56,1
DA:58,2
DA:59,1
DA:60,2
DA:61,0
DA:62,2
DA:63,1
DA:68,1
DA:69,2
DA:70,1
DA:71,2
DA:72,5
DA:86,1
DA:98,0
DA:99,0
DA:100,0
LF:37
LH:31
end_of_record
SF:lib/services/alternate_side_parking_service.dart
DA:14,1
DA:28,1
DA:48,1
DA:62,1
DA:67,1
DA:69,4
DA:70,1
DA:71,1
DA:74,1
DA:75,5
DA:79,1
DA:80,2
DA:81,1
DA:82,2
DA:83,1
DA:84,1
DA:85,1
DA:86,1
DA:91,1
DA:102,1
DA:106,1
DA:107,1
DA:108,1
DA:111,1
DA:115,2
DA:116,2
DA:117,5
DA:118,1
DA:120,1
DA:121,1
DA:122,1
DA:127,1
DA:132,2
DA:133,1
DA:134,1
DA:135,1
DA:136,1
DA:137,2
DA:140,1
DA:141,1
DA:143,1
DA:147,1
DA:149,1
DA:151,1
DA:155,1
DA:156,1
DA:158,2
DA:166,1
DA:168,2
DA:169,4
DA:170,3
LF:51
LH:51
end_of_record
SF:lib/services/garbage_schedule_service.dart
DA:8,1
DA:12,0
DA:18,1
DA:20,3
DA:21,0
DA:22,0
DA:23,0
DA:28,1
DA:29,1
DA:32,3
DA:33,3
DA:38,1
DA:42,5
DA:45,3
DA:52,1
DA:53,2
DA:54,0
DA:56,2
DA:57,1
DA:58,1
DA:59,3
DA:62,1
DA:63,2
DA:64,5
DA:70,1
DA:71,2
DA:72,3
DA:74,2
DA:75,1
DA:76,1
DA:77,3
DA:80,1
DA:81,1
DA:82,1
DA:83,1
DA:84,1
DA:85,1
DA:86,1
DA:88,1
DA:89,1
DA:91,1
DA:93,3
DA:94,1
DA:95,1
DA:96,1
DA:97,1
DA:98,0
DA:100,1
DA:102,1
DA:103,1
DA:104,1
DA:105,1
DA:106,1
DA:107,1
DA:108,1
DA:110,1
DA:118,1
DA:119,1
DA:121,1
DA:123,1
DA:125,1
DA:127,1
DA:130,1
DA:132,4
DA:133,3
DA:139,1
DA:140,1
DA:141,1
DA:142,0
DA:143,0
DA:144,0
DA:145,0
DA:146,0
DA:147,0
LF:74
LH:62
end_of_record
SF:lib/models/user_profile.dart
DA:11,1
DA:54,0
DA:71,0
DA:72,0
DA:73,0
DA:74,0
DA:75,0
DA:76,0
DA:77,0
DA:78,0
DA:79,0
DA:80,0
DA:81,0
DA:82,0
DA:83,0
DA:84,0
DA:85,0
DA:86,0
DA:87,0
DA:91,1
DA:92,1
DA:93,1
DA:94,1
DA:95,1
DA:96,1
DA:97,1
DA:98,1
DA:99,1
DA:100,1
DA:101,1
DA:103,1
DA:104,1
DA:105,1
DA:106,1
DA:107,1
DA:109,0
DA:110,1
DA:111,1
DA:112,1
DA:115,1
DA:116,4
DA:117,0
DA:119,1
DA:120,1
DA:121,1
DA:123,2
DA:126,2
DA:130,2
DA:134,2
DA:138,2
DA:142,2
DA:146,1
DA:148,1
DA:149,1
DA:151,1
DA:152,0
DA:153,0
DA:155,1
DA:157,1
DA:158,0
DA:162,1
DA:166,2
DA:167,1
DA:168,1
DA:169,1
DA:170,1
DA:171,1
DA:172,3
DA:173,2
DA:174,2
DA:175,2
DA:176,1
DA:177,1
DA:178,1
DA:179,2
DA:180,2
DA:181,2
DA:182,2
DA:183,2
DA:184,2
DA:186,1
DA:187,3
DA:188,3
DA:189,1
DA:190,1
DA:191,1
LF:86
LH:63
end_of_record
SF:lib/services/user_repository.dart
DA:12,1
DA:24,1
DA:25,1
DA:26,1
DA:27,1
DA:30,2
DA:32,1
DA:33,1
DA:35,2
DA:37,2
DA:41,1
DA:42,1
DA:43,1
DA:46,1
DA:47,3
DA:49,2
DA:52,1
DA:53,1
DA:59,1
DA:60,3
DA:62,4
DA:65,1
DA:66,3
DA:68,2
DA:71,1
DA:72,3
DA:73,0
DA:75,1
DA:77,3
DA:78,1
DA:80,0
DA:84,1
DA:85,4
DA:86,4
DA:89,1
DA:90,3
DA:91,0
DA:93,1
DA:95,3
DA:96,1
DA:98,0
DA:102,1
DA:103,4
DA:104,4
DA:107,1
DA:108,3
DA:109,0
DA:111,1
DA:113,3
DA:114,1
DA:116,0
DA:120,1
DA:121,4
DA:122,4
DA:125,1
DA:126,3
DA:127,0
DA:129,1
DA:131,1
DA:132,2
DA:134,1
DA:136,0
DA:140,1
DA:141,4
DA:142,4
LF:65
LH:57
end_of_record
SF:lib/services/ticket_lookup_service.dart
DA:8,1
DA:12,0
DA:18,1
DA:19,1
DA:22,3
DA:23,3
DA:28,1
DA:32,3
DA:33,2
DA:34,3
DA:35,2
DA:36,3
DA:38,2
DA:40,3
DA:41,1
DA:44,1
DA:51,3
DA:52,1
DA:53,1
DA:54,1
DA:55,1
DA:56,1
DA:58,2
DA:60,1
DA:61,1
DA:63,2
DA:64,0
DA:66,2
DA:67,1
DA:68,1
DA:69,1
DA:70,1
DA:71,1
DA:75,1
DA:76,1
DA:77,1
DA:78,1
DA:79,2
DA:80,1
DA:81,1
DA:82,2
DA:83,2
DA:84,2
DA:88,1
DA:89,1
DA:90,1
DA:92,0
DA:93,0
DA:100,1
DA:101,0
DA:102,1
DA:104,1
DA:106,1
DA:107,1
DA:109,0
DA:114,1
LF:56
LH:50
end_of_record
